{"name": "Невозможно авторизоваться без обязательных полей", "status": "failed", "statusDetails": {"message": "AssertionError: assert 504 == 400\n +  where 504 = <Response [504]>.status_code", "trace": "self = <Sprint_7.tests.test_courier.TestCourier object at 0x000001D32D783450>\nmissing_field = 'password'\n\n    @allure.title('Невозможно авторизоваться без обязательных полей')\n    @pytest.mark.parametrize('missing_field', ['login', 'password'])\n    def test_cannot_login_without_required_field(self, missing_field):\n        payload = {\n            \"login\": generate_random_string(10),\n            \"password\": generate_random_string(10)\n        }\n    \n        del payload[missing_field]\n        response = requests.post(COURIER_LOGIN_PATH, json=payload)\n>       assert response.status_code == 400\nE       assert 504 == 400\nE        +  where 504 = <Response [504]>.status_code\n\ntests\\test_courier.py:141: AssertionError"}, "parameters": [{"name": "missing_field", "value": "'password'"}], "start": 1740351519084, "stop": 1740351579709, "uuid": "7e80c400-bd2b-4e0c-90b2-11ccfedb1800", "historyId": "3986964f0764f25718694cac2fe3e48f", "testCaseId": "cadb8796746996841b5a864075dbc02c", "fullName": "tests.test_courier.TestCourier#test_cannot_login_without_required_field", "labels": [{"name": "feature", "value": "Курьер"}, {"name": "parentSuite", "value": "tests"}, {"name": "suite", "value": "test_courier"}, {"name": "subSuite", "value": "TestCourier"}, {"name": "host", "value": "LAPTOP-QVE1U26H"}, {"name": "thread", "value": "2544-MainThread"}, {"name": "framework", "value": "pytest"}, {"name": "language", "value": "cpython3"}, {"name": "package", "value": "tests.test_courier"}]}