{"name": "Невозможно создать курьера без обязательных полей", "status": "failed", "statusDetails": {"message": "AssertionError: assert 201 == 400\n +  where 201 = <Response [201]>.status_code", "trace": "self = <Sprint_7.tests.test_courier.TestCourier object at 0x00000190B105DA30>\nmissing_field = 'firstName'\n\n    @allure.title('Невозможно создать курьера без обязательных полей')\n    @pytest.mark.parametrize('missing_field', ['login', 'password', 'firstName'])\n    def test_cannot_create_courier_without_required_field(self, missing_field):\n        payload = {\n            \"login\": generate_random_string(10),\n            \"password\": generate_random_string(10),\n            \"firstName\": generate_random_string(10)\n        }\n    \n        del payload[missing_field]\n        response = requests.post(COURIER_PATH, json=payload)\n>       assert response.status_code == 400\nE       assert 201 == 400\nE        +  where 201 = <Response [201]>.status_code\n\ntests\\test_courier.py:102: AssertionError"}, "parameters": [{"name": "missing_field", "value": "'firstName'"}], "start": 1740351733563, "stop": 1740351734190, "uuid": "2295cdbd-0d35-4d9d-bc72-f18ce73d7e37", "historyId": "a9d40ef3a150a34cf929df91e65f2700", "testCaseId": "555dece1c8a9557b3cd12f7fe0ed9974", "fullName": "tests.test_courier.TestCourier#test_cannot_create_courier_without_required_field", "labels": [{"name": "feature", "value": "Курьер"}, {"name": "parentSuite", "value": "tests"}, {"name": "suite", "value": "test_courier"}, {"name": "subSuite", "value": "TestCourier"}, {"name": "host", "value": "LAPTOP-QVE1U26H"}, {"name": "thread", "value": "8164-MainThread"}, {"name": "framework", "value": "pytest"}, {"name": "language", "value": "cpython3"}, {"name": "package", "value": "tests.test_courier"}]}